<?xml version="1.0" encoding="UTF-8"?>
<testng-results skipped="0" failed="0" ignored="0" total="1" passed="1">
  <reporter-output>
  </reporter-output>
  <suite name="Default suite" duration-ms="25163" started-at="2021-03-18T17:40:30 EDT" finished-at="2021-03-18T17:40:55 EDT">
    <groups>
    </groups>
    <test name="Default test" duration-ms="25163" started-at="2021-03-18T17:40:30 EDT" finished-at="2021-03-18T17:40:55 EDT">
      <class name="test.Personalinfo1test">
        <test-method status="PASS" signature="usershouldbeabletofilloutform2()[pri:0, instance:test.Personalinfo1test@3b084709]" name="usershouldbeabletofilloutform2" duration-ms="25043" started-at="2021-03-18T17:40:30 EDT" finished-at="2021-03-18T17:40:55 EDT">
          <reporter-output>
          </reporter-output>
        </test-method> <!-- usershouldbeabletofilloutform2 -->
      </class> <!-- test.Personalinfo1test -->
    </test> <!-- Default test -->
  </suite> <!-- Default suite -->
</testng-results>
